<?xml version="1.0" encoding="UTF-8"?>
<!-- Generated by org.testng.reporters.JUnitReportReporter -->
<testsuite skipped="0" hostname="DESKTOP-74ULC4S" name="com.runner.TestNgRunner" tests="1" failures="0" timestamp="2022-03-14T18:02:06 ICT" time="11.149" errors="0">
  <testcase name="runScenario" time="11.149" classname="com.runner.TestNgRunner"/>
  <system-out/>
</testsuite> <!-- com.runner.TestNgRunner -->
