<?xml version="1.0" encoding="UTF-8"?>
<!-- Generated by org.testng.reporters.JUnitReportReporter -->
<testsuite skipped="0" hostname="DESKTOP-74ULC4S" name="com.tests.TestClass1" tests="2" failures="0" timestamp="2022-04-04T20:02:40 ICT" time="0.007" errors="0">
  <testcase name="testCase2" time="0.002" classname="com.tests.TestClass1"/>
  <system-out/>
  <testcase name="testCase1" time="0.005" classname="com.tests.TestClass1"/>
  <system-out/>
</testsuite> <!-- com.tests.TestClass1 -->
