<?xml version="1.0" encoding="UTF-8"?>
<!-- Generated by org.testng.reporters.JUnitReportReporter -->
<testsuite skipped="0" hostname="DESKTOP-74ULC4S" name="com.tests.OrangeHRMTest2" tests="3" failures="0" timestamp="2022-04-13T16:09:45 ICT" time="30.981" errors="0">
  <testcase name="loginTest" time="17.464" classname="com.tests.OrangeHRMTest2"/>
  <system-out/>
  <testcase name="sampleCase" time="6.524" classname="com.tests.OrangeHRMTest2"/>
  <system-out/>
  <testcase name="loginPageTest" time="6.993" classname="com.tests.OrangeHRMTest2"/>
  <system-out/>
</testsuite> <!-- com.tests.OrangeHRMTest2 -->
