<?xml version="1.0" encoding="UTF-8"?>
<!-- Generated by org.testng.reporters.JUnitReportReporter -->
<testsuite skipped="0" hostname="DESKTOP-74ULC4S" name="com.runner.MyTestDemo" tests="2" failures="0" timestamp="2022-04-11T23:22:32 ICT" time="53.978" errors="0">
  <testcase name="navigation_FeatureTest" time="40.237" classname="com.runner.MyTestDemo"/>
  <system-out/>
  <testcase name="navigationTest" time="13.741" classname="com.runner.MyTestDemo"/>
  <system-out/>
</testsuite> <!-- com.runner.MyTestDemo -->
