<?xml version="1.0" encoding="UTF-8"?>
<!-- Generated by org.testng.reporters.JUnitReportReporter -->
<testsuite skipped="0" hostname="DESKTOP-74ULC4S" name="com.tests.TestClass2" tests="1" failures="0" timestamp="2022-04-04T20:02:40 ICT" time="8.203" errors="0">
  <testcase name="wordPressTest" time="8.203" classname="com.tests.TestClass2"/>
  <system-out/>
</testsuite> <!-- com.tests.TestClass2 -->
