<?xml version="1.0" encoding="UTF-8"?>
<!-- Generated by org.testng.reporters.JUnitReportReporter -->
<testsuite skipped="0" hostname="DESKTOP-74ULC4S" name="com.runner.testing" tests="1" failures="0" timestamp="2022-03-14T18:02:06 ICT" time="0.005" errors="0">
  <testcase name="tC1" time="0.005" classname="com.runner.testing"/>
  <system-out/>
</testsuite> <!-- com.runner.testing -->
